
> hermosillo-facil@0.1.0 dev
> next dev --port 3003

▲ Next.js 16.2.6 (Turbopack)
- Local:         http://localhost:3003
- Network:       http://172.28.128.1:3003
✓ Ready in 432ms

 GET / 200 in 2.1s (next.js: 1860ms, application-code: 209ms)
 GET / 200 in 108ms (next.js: 14ms, application-code: 94ms)
 GET / 200 in 57ms (next.js: 4ms, application-code: 52ms)
 GET /buscar 200 in 557ms (next.js: 459ms, application-code: 99ms)
 GET /guia/reporte-alumbrado-publico 200 in 1203ms (next.js: 1108ms, generate-params: 715ms, application-code: 95ms)
✓ Compiled in 29ms
✓ Compiled in 63ms
✓ Compiled in 45ms
✓ Compiled in 88ms
✓ Compiled in 26ms
 GET / 200 in 587ms (next.js: 315ms, application-code: 272ms)
 GET / 200 in 74ms (next.js: 7ms, application-code: 66ms)
 GET / 200 in 72ms (next.js: 4ms, application-code: 68ms)
 GET / 200 in 63ms (next.js: 4ms, application-code: 60ms)
✓ Compiled in 170ms
 GET / 200 in 385ms (next.js: 184ms, application-code: 201ms)
 GET / 200 in 71ms (next.js: 5ms, application-code: 66ms)
 GET / 200 in 62ms (next.js: 3ms, application-code: 60ms)
 GET / 200 in 65ms (next.js: 3ms, application-code: 62ms)
 GET / 200 in 70ms (next.js: 3ms, application-code: 67ms)
 GET / 200 in 67ms (next.js: 3ms, application-code: 64ms)
 GET / 200 in 79ms (next.js: 3ms, application-code: 75ms)
 GET / 200 in 74ms (next.js: 3ms, application-code: 70ms)
 GET / 200 in 65ms (next.js: 4ms, application-code: 61ms)
 GET / 200 in 66ms (next.js: 3ms, application-code: 63ms)
✓ Compiled in 82ms
✓ Compiled in 203ms
✓ Compiled in 71ms
 GET / 200 in 604ms (next.js: 207ms, application-code: 397ms)
✓ Compiled in 259ms
 GET /buscar 200 in 1006ms (next.js: 481ms, application-code: 525ms)
✓ Compiled in 149ms
 GET /buscar?q=licencia&categoria=tramites&fuente=oficial 500 in 2.0s (next.js: 1999ms, application-code: 21ms)
 GET /buscar?q=licencia&categoria=tramites&fuente=oficial 500 in 2.0s (next.js: 1999ms, application-code: 21ms)
 GET /admin/guias 500 in 2.8s (next.js: 2.8s, application-code: 21ms)
 GET /admin/guias 500 in 2.8s (next.js: 2.8s, application-code: 21ms)
 GET /admin/guias 500 in 152ms (next.js: 133ms, application-code: 19ms)
 GET /admin/guias 500 in 152ms (next.js: 133ms, application-code: 19ms)
 GET /buscar?q=licencia&categoria=tramites&fuente=oficial 500 in 190ms (next.js: 171ms, application-code: 19ms)
 GET /buscar?q=licencia&categoria=tramites&fuente=oficial 500 in 190ms (next.js: 171ms, application-code: 19ms)
 GET /admin/guias 500 in 151ms (next.js: 128ms, application-code: 23ms)
 GET /admin/guias 500 in 151ms (next.js: 128ms, application-code: 23ms)
 GET /admin/guias 500 in 170ms (next.js: 147ms, application-code: 23ms)
 GET /admin/guias 500 in 170ms (next.js: 147ms, application-code: 24ms)
[?25h
